[ 2025-03-18 12:29:22,528 ] 1025 httpx - INFO - HTTP Request: GET https://dagshub.com/api/v1/user "HTTP/1.1 200 OK"
[ 2025-03-18 12:29:22,542 ] 107 dagshub - INFO - Accessing as shivamkr935
[ 2025-03-18 12:29:23,913 ] 1025 httpx - INFO - HTTP Request: GET https://dagshub.com/api/v1/repos/shivamkr935/my-first-repo "HTTP/1.1 200 OK"
[ 2025-03-18 12:29:25,117 ] 1025 httpx - INFO - HTTP Request: GET https://dagshub.com/api/v1/user "HTTP/1.1 200 OK"
[ 2025-03-18 12:29:25,120 ] 107 dagshub - INFO - Initialized MLflow to track repo "shivamkr935/my-first-repo"
[ 2025-03-18 12:29:25,126 ] 107 dagshub - INFO - Repository shivamkr935/my-first-repo initialized!
[ 2025-03-18 12:32:05,057 ] 42 root - INFO - Start data Ingestion
[ 2025-03-18 12:32:13,371 ] 65 root - INFO - Performed train test split on the dataframe
[ 2025-03-18 12:32:13,371 ] 67 root - INFO - Exited split_data_as_train_test method of Data_Ingestion class
[ 2025-03-18 12:32:13,372 ] 75 root - INFO - Exporting train and test file path.
[ 2025-03-18 12:32:13,610 ] 84 root - INFO - Exported train and test file path.
[ 2025-03-18 12:32:13,611 ] 45 root - INFO - Data Ingestion completed and artifact: DataIngestionArtifact(trained_file_path='Artifacts\\03_18_2025_12_29_14\\data_ingestion\\ingested\\train.csv', test_file_path='Artifacts\\03_18_2025_12_29_14\\data_ingestion\\ingested\\test.csv')
[ 2025-03-18 12:32:13,631 ] 55 root - INFO - Initiate the data Validation
[ 2025-03-18 12:32:13,790 ] 32 root - INFO - Required number of columns:2
[ 2025-03-18 12:32:13,790 ] 33 root - INFO - Data frame has columns:31
[ 2025-03-18 12:32:13,790 ] 32 root - INFO - Required number of columns:2
[ 2025-03-18 12:32:13,790 ] 33 root - INFO - Data frame has columns:31
[ 2025-03-18 12:32:14,160 ] 63 root - INFO - Entered initiate_data_transformation method of DataTransformation class
[ 2025-03-18 12:32:14,160 ] 65 root - INFO - Starting data transformation
[ 2025-03-18 12:32:14,208 ] 48 root - INFO - Entered get_data_trnasformer_object method of Trnasformation class
[ 2025-03-18 12:32:14,208 ] 53 root - INFO - Initialise KNNImputer with {'missing_values': nan, 'n_neighbors': 3, 'weights': 'uniform'}
[ 2025-03-18 12:32:14,235 ] 46 root - INFO - Entered the save_object method of MainUtils class
[ 2025-03-18 12:32:14,236 ] 50 root - INFO - Exited the save_object method of MainUtils class
[ 2025-03-18 12:32:14,236 ] 46 root - INFO - Entered the save_object method of MainUtils class
[ 2025-03-18 12:32:14,245 ] 50 root - INFO - Exited the save_object method of MainUtils class
[ 2025-03-18 12:44:31,612 ] 46 root - INFO - Entered the save_object method of MainUtils class
[ 2025-03-18 12:44:31,615 ] 50 root - INFO - Exited the save_object method of MainUtils class
[ 2025-03-18 12:44:31,615 ] 46 root - INFO - Entered the save_object method of MainUtils class
[ 2025-03-18 12:44:31,685 ] 50 root - INFO - Exited the save_object method of MainUtils class
[ 2025-03-18 12:44:31,686 ] 137 root - INFO - Model trainer artifact: ModelTrainerArtifact(trained_model_file_path='Artifacts\\03_18_2025_12_29_14\\model_trainer\\trained_model\\model.pkl', train_metric_artifact=ClassificationMetricArtifact(f1_score=0.9910913140311804, precision_score=0.9890887047888463, recall_score=0.9931020490971799), test_metric_artifact=ClassificationMetricArtifact(f1_score=0.9721212121212122, precision_score=0.9647153167602245, recall_score=0.9796416938110749))
